<?xml version="1.0" encoding="UTF-8"?>
<!-- Generated by org.testng.reporters.JUnitReportReporter -->
<testsuite hostname="Argano-9P32ZP3" failures="0" tests="1" name="com.qa.AD_ID.tests.LabelsAndTagsConfiguration" time="340.671" errors="0" timestamp="2023-09-25T19:04:55 IST" skipped="0">
  <testcase classname="com.qa.AD_ID.tests.LabelsAndTagsConfiguration" name="labelsAndTagsConfiguration" time="340.671"/>
  <system-out/>
</testsuite> <!-- com.qa.AD_ID.tests.LabelsAndTagsConfiguration -->
