<?xml version="1.0" encoding="UTF-8"?>
<!-- Generated by org.testng.reporters.JUnitReportReporter -->
<testsuite hostname="Argano-9P32ZP3" failures="0" tests="1" name="com.qa.AD_ID.tests.SalesCloudHomePageTest" time="331.169" errors="0" timestamp="2023-09-25T13:35:05 IST" skipped="0">
  <testcase classname="com.qa.AD_ID.tests.SalesCloudHomePageTest" name="navigate" time="331.169"/>
  <system-out/>
</testsuite> <!-- com.qa.AD_ID.tests.SalesCloudHomePageTest -->
